Namespace(op_type='mm', device='h100', n_iter=20)
<class 'pandas.core.frame.DataFrame'>
RangeIndex: 1247616 entries, 0 to 1247615
Data columns (total 7 columns):
 #   Column     Non-Null Count    Dtype  
---  ------     --------------    -----  
 0   n          1247616 non-null  int64  
 1   m          1247616 non-null  int64  
 2   p          1247616 non-null  int64  
 3   gflops     1247616 non-null  float64
 4   dtype_16   1247616 non-null  bool   
 5   dtype_32   1247616 non-null  bool   
 6   dtype_b16  1247616 non-null  bool   
dtypes: bool(3), float64(1), int64(3)
memory usage: 41.6 MB
Best parameters found:  {'n_estimators': 10, 'min_samples_split': 5, 'min_samples_leaf': 2, 'max_features': 50, 'max_depth': 200}
Best MSE found:  -0.25466717367311154
Train--------
Mean Squared Error: 0.07704895864899836
MAPE: 0.017101057815896294
R-squared: 0.9999596233472827
Val--------
Mean Squared Error: 0.2137849643645631
MAPE: 0.02951729573790894
R-squared: 0.9998869494275832
