Namespace(op_type='sdpa_backward', device='h100', n_iter=30)
<class 'pandas.core.frame.DataFrame'>
RangeIndex: 464256 entries, 0 to 464255
Data columns (total 15 columns):
 #   Column             Non-Null Count   Dtype  
---  ------             --------------   -----  
 0   b                  464256 non-null  int64  
 1   h                  464256 non-null  int64  
 2   s_q                464256 non-null  int64  
 3   s_kv               464256 non-null  int64  
 4   d_qk               464256 non-null  int64  
 5   d_v                464256 non-null  int64  
 6   gflops             464256 non-null  float64
 7   dtype_16           464256 non-null  bool   
 8   dtype_32           464256 non-null  bool   
 9   dtype_b16          464256 non-null  bool   
 10  backend_cudnn      464256 non-null  bool   
 11  backend_efficient  464256 non-null  bool   
 12  backend_flash      464256 non-null  bool   
 13  is_causal_0        464256 non-null  bool   
 14  is_causal_1        464256 non-null  bool   
dtypes: bool(8), float64(1), int64(6)
memory usage: 28.3 MB
Best parameters found:  {'n_estimators': 50, 'min_samples_split': 2, 'min_samples_leaf': 2, 'max_features': 20, 'max_depth': 80}
Best MSE found:  -89.32804509278141
Train--------
Mean Squared Error: 20.87932355404925
MAPE: 0.016653295494499204
R-squared: 0.9978408124450513
Val--------
Mean Squared Error: 59.063238333802616
MAPE: 0.03062888505076398
R-squared: 0.9928674096169743
