Namespace(op_type='bmm', device='a100', n_iter=10)
<class 'pandas.core.frame.DataFrame'>
RangeIndex: 5595891 entries, 0 to 5595890
Data columns (total 8 columns):
 #   Column     Dtype  
---  ------     -----  
 0   b          int64  
 1   n          int64  
 2   m          int64  
 3   p          int64  
 4   gflops     float64
 5   dtype_16   bool   
 6   dtype_32   bool   
 7   dtype_b16  bool   
dtypes: bool(3), float64(1), int64(4)
memory usage: 229.5 MB
Best parameters found:  {'n_estimators': 20, 'min_samples_split': 5, 'min_samples_leaf': 5, 'max_features': 1.0, 'max_depth': 20}
Best MSE found:  -3.8412247243909547
Train--------
Mean Squared Error: 2.0706709759538
MAPE: 0.05997375947358896
R-squared: 0.9999284983433591
Val--------
Mean Squared Error: 3.3617890711950618
MAPE: 0.06200104293606011
R-squared: 0.9998840154138765
