Namespace(op_type='mm', device='h100', n_iter=30)
<class 'pandas.core.frame.DataFrame'>
RangeIndex: 1247616 entries, 0 to 1247615
Data columns (total 7 columns):
 #   Column     Non-Null Count    Dtype  
---  ------     --------------    -----  
 0   n          1247616 non-null  int64  
 1   m          1247616 non-null  int64  
 2   p          1247616 non-null  int64  
 3   gflops     1247616 non-null  float64
 4   dtype_16   1247616 non-null  bool   
 5   dtype_32   1247616 non-null  bool   
 6   dtype_b16  1247616 non-null  bool   
dtypes: bool(3), float64(1), int64(3)
memory usage: 41.6 MB
Best parameters found:  {'n_estimators': 30, 'min_samples_split': 2, 'min_samples_leaf': 2, 'max_features': 1.0, 'max_depth': 50}
Best MSE found:  -0.23108679210294367
Train--------
Mean Squared Error: 0.061516425146228314
MAPE: 0.015459875451729015
R-squared: 0.9999676412945384
Val--------
Mean Squared Error: 0.22890528627640444
MAPE: 0.028631345671576987
R-squared: 0.9998815021798171
